2025-01-07 15:11:44,590 - INFO - package: mysql.connector.plugins
2025-01-07 15:11:44,594 - INFO - plugin_name: caching_sha2_password
2025-01-07 15:11:44,596 - INFO - AUTHENTICATION_PLUGIN_CLASS: MySQLCachingSHA2PasswordAuthPlugin
2025-01-07 15:11:45,541 - ERROR - Form data requires "python-multipart" to be installed. 
You can install "python-multipart" with: 

pip install python-multipart

2025-01-07 15:12:05,202 - INFO - package: mysql.connector.plugins
2025-01-07 15:12:05,203 - INFO - plugin_name: caching_sha2_password
2025-01-07 15:12:05,204 - INFO - AUTHENTICATION_PLUGIN_CLASS: MySQLCachingSHA2PasswordAuthPlugin
2025-01-07 23:30:30,867 - INFO - package: mysql.connector.plugins
2025-01-07 23:30:30,869 - INFO - plugin_name: mysql_native_password
2025-01-07 23:30:30,872 - INFO - AUTHENTICATION_PLUGIN_CLASS: MySQLNativePasswordAuthPlugin
2025-01-07 23:31:06,001 - INFO - package: mysql.connector.plugins
2025-01-07 23:31:06,002 - INFO - plugin_name: mysql_native_password
2025-01-07 23:31:06,004 - INFO - AUTHENTICATION_PLUGIN_CLASS: MySQLNativePasswordAuthPlugin
2025-01-07 23:31:38,380 - INFO - package: mysql.connector.plugins
2025-01-07 23:31:38,381 - INFO - plugin_name: mysql_native_password
2025-01-07 23:31:38,383 - INFO - AUTHENTICATION_PLUGIN_CLASS: MySQLNativePasswordAuthPlugin
2025-01-07 23:49:57,075 - INFO - package: mysql.connector.plugins
2025-01-07 23:49:57,075 - INFO - plugin_name: mysql_native_password
2025-01-07 23:49:57,077 - INFO - AUTHENTICATION_PLUGIN_CLASS: MySQLNativePasswordAuthPlugin
2025-01-07 23:50:48,360 - INFO - package: mysql.connector.plugins
2025-01-07 23:50:48,361 - INFO - plugin_name: mysql_native_password
2025-01-07 23:50:48,364 - INFO - AUTHENTICATION_PLUGIN_CLASS: MySQLNativePasswordAuthPlugin
2025-01-07 23:51:08,368 - INFO - package: mysql.connector.plugins
2025-01-07 23:51:08,369 - INFO - plugin_name: mysql_native_password
2025-01-07 23:51:08,372 - INFO - AUTHENTICATION_PLUGIN_CLASS: MySQLNativePasswordAuthPlugin
2025-01-07 23:52:49,237 - INFO - package: mysql.connector.plugins
2025-01-07 23:52:49,238 - INFO - plugin_name: mysql_native_password
2025-01-07 23:52:49,240 - INFO - AUTHENTICATION_PLUGIN_CLASS: MySQLNativePasswordAuthPlugin
